[12/04/2020 08:15:01]: ::1 /carrental/admin/index.php Mozilla/5.0 (Windows NT 6.3; Win64; x64) AppleWebKit/537.36 (KHTML, like Gecko) Chrome/80.0.3987.163 Safari/537.36 
[12/04/2020 08:15:15]: ::1 /carrental/admin/index.php Mozilla/5.0 (Windows NT 6.3; Win64; x64) AppleWebKit/537.36 (KHTML, like Gecko) Chrome/80.0.3987.163 Safari/537.36 
[12/04/2020 08:15:16]: ::1 /carrental/admin/change-password.php Mozilla/5.0 (Windows NT 6.3; Win64; x64) AppleWebKit/537.36 (KHTML, like Gecko) Chrome/80.0.3987.163 Safari/537.36 
[12/04/2020 08:15:21]: ::1 /carrental/admin/manage-conactusquery.php Mozilla/5.0 (Windows NT 6.3; Win64; x64) AppleWebKit/537.36 (KHTML, like Gecko) Chrome/80.0.3987.163 Safari/537.36 
[12/04/2020 08:17:50]: ::1 /carrental/admin/manage-conactusquery.php Mozilla/5.0 (Windows NT 6.3; Win64; x64) AppleWebKit/537.36 (KHTML, like Gecko) Chrome/80.0.3987.163 Safari/537.36 
[12/04/2020 10:13:17]: ::1 /carrental/admin/manage-subscribers.php Mozilla/5.0 (Windows NT 6.3; Win64; x64) AppleWebKit/537.36 (KHTML, like Gecko) Chrome/80.0.3987.163 Safari/537.36 
[13/04/2020 08:23:31]: ::1 /carrental/admin/index.php Mozilla/5.0 (Windows NT 6.3; Win64; x64) AppleWebKit/537.36 (KHTML, like Gecko) Chrome/80.0.3987.163 Safari/537.36 
[14/04/2020 03:09:22]: ::1 /carrental/admin/index.php Mozilla/5.0 (Windows NT 6.3; Win64; x64) AppleWebKit/537.36 (KHTML, like Gecko) Chrome/80.0.3987.163 Safari/537.36 
[14/04/2020 03:09:30]: ::1 /carrental/admin/index.php Mozilla/5.0 (Windows NT 6.3; Win64; x64) AppleWebKit/537.36 (KHTML, like Gecko) Chrome/80.0.3987.163 Safari/537.36 
[14/04/2020 03:09:31]: ::1 /carrental/admin/change-password.php Mozilla/5.0 (Windows NT 6.3; Win64; x64) AppleWebKit/537.36 (KHTML, like Gecko) Chrome/80.0.3987.163 Safari/537.36 
[14/04/2020 03:25:29]: ::1 /carrental/admin/index.php Mozilla/5.0 (Windows NT 6.3; Win64; x64) AppleWebKit/537.36 (KHTML, like Gecko) Chrome/80.0.3987.163 Safari/537.36 
[14/04/2020 11:10:30]: ::1 /carrental/admin/index.php Mozilla/5.0 (Windows NT 6.3; Win64; x64) AppleWebKit/537.36 (KHTML, like Gecko) Chrome/80.0.3987.163 Safari/537.36 
[14/04/2020 11:10:43]: ::1 /carrental/admin/index.php Mozilla/5.0 (Windows NT 6.3; Win64; x64) AppleWebKit/537.36 (KHTML, like Gecko) Chrome/80.0.3987.163 Safari/537.36 
[14/04/2020 11:10:44]: ::1 /carrental/admin/change-password.php Mozilla/5.0 (Windows NT 6.3; Win64; x64) AppleWebKit/537.36 (KHTML, like Gecko) Chrome/80.0.3987.163 Safari/537.36 
[14/04/2020 11:10:47]: ::1 /carrental/admin/dashboard.php Mozilla/5.0 (Windows NT 6.3; Win64; x64) AppleWebKit/537.36 (KHTML, like Gecko) Chrome/80.0.3987.163 Safari/537.36 
[14/04/2020 11:13:14]: ::1 /carrental/admin/reg-users.php Mozilla/5.0 (Windows NT 6.3; Win64; x64) AppleWebKit/537.36 (KHTML, like Gecko) Chrome/80.0.3987.163 Safari/537.36 
[14/04/2020 11:13:15]: ::1 /carrental/admin/manage-conactusquery.php Mozilla/5.0 (Windows NT 6.3; Win64; x64) AppleWebKit/537.36 (KHTML, like Gecko) Chrome/80.0.3987.163 Safari/537.36 
[14/04/2020 11:17:45]: ::1 /carrental/admin/manage-pages.php Mozilla/5.0 (Windows NT 6.3; Win64; x64) AppleWebKit/537.36 (KHTML, like Gecko) Chrome/80.0.3987.163 Safari/537.36 
[14/04/2020 11:17:47]: ::1 /carrental/admin/manage-subscribers.php Mozilla/5.0 (Windows NT 6.3; Win64; x64) AppleWebKit/537.36 (KHTML, like Gecko) Chrome/80.0.3987.163 Safari/537.36 
[14/04/2020 11:17:49]: ::1 /carrental/admin/manage-conactusquery.php Mozilla/5.0 (Windows NT 6.3; Win64; x64) AppleWebKit/537.36 (KHTML, like Gecko) Chrome/80.0.3987.163 Safari/537.36 
[14/04/2020 11:17:50]: ::1 /carrental/admin/testimonials.php Mozilla/5.0 (Windows NT 6.3; Win64; x64) AppleWebKit/537.36 (KHTML, like Gecko) Chrome/80.0.3987.163 Safari/537.36 
[14/04/2020 11:25:39]: ::1 /carrental/admin/manage-pages.php Mozilla/5.0 (Windows NT 6.3; Win64; x64) AppleWebKit/537.36 (KHTML, like Gecko) Chrome/80.0.3987.163 Safari/537.36 
[14/04/2020 11:25:44]: ::1 /carrental/admin/testimonials.php Mozilla/5.0 (Windows NT 6.3; Win64; x64) AppleWebKit/537.36 (KHTML, like Gecko) Chrome/80.0.3987.163 Safari/537.36 
[14/04/2020 11:25:55]: ::1 /carrental/admin/manage-conactusquery.php Mozilla/5.0 (Windows NT 6.3; Win64; x64) AppleWebKit/537.36 (KHTML, like Gecko) Chrome/80.0.3987.163 Safari/537.36 
[14/04/2020 11:35:15]: ::1 /carrental/admin/index.php Mozilla/5.0 (Windows NT 6.3; Win64; x64) AppleWebKit/537.36 (KHTML, like Gecko) Chrome/80.0.3987.163 Safari/537.36 
[15/04/2020 01:21:54]: ::1 /carrental/admin/index.php Mozilla/5.0 (Windows NT 6.3; Win64; x64) AppleWebKit/537.36 (KHTML, like Gecko) Chrome/80.0.3987.163 Safari/537.36 
[15/04/2020 01:22:52]: ::1 /carrental/admin/index.php Mozilla/5.0 (Windows NT 6.3; Win64; x64) AppleWebKit/537.36 (KHTML, like Gecko) Chrome/80.0.3987.163 Safari/537.36 
[15/04/2020 01:31:21]: ::1 /carrental/admin/index.php Mozilla/5.0 (Windows NT 6.3; Win64; x64) AppleWebKit/537.36 (KHTML, like Gecko) Chrome/80.0.3987.163 Safari/537.36 
[15/04/2020 01:31:22]: ::1 /carrental/admin/change-password.php Mozilla/5.0 (Windows NT 6.3; Win64; x64) AppleWebKit/537.36 (KHTML, like Gecko) Chrome/80.0.3987.163 Safari/537.36 
[15/04/2020 01:31:36]: ::1 /carrental/admin/create-brand.php Mozilla/5.0 (Windows NT 6.3; Win64; x64) AppleWebKit/537.36 (KHTML, like Gecko) Chrome/80.0.3987.163 Safari/537.36 
[15/04/2020 01:31:46]: ::1 /carrental/admin/manage-brands.php Mozilla/5.0 (Windows NT 6.3; Win64; x64) AppleWebKit/537.36 (KHTML, like Gecko) Chrome/80.0.3987.163 Safari/537.36 
[15/04/2020 01:31:49]: ::1 /carrental/admin/edit-brand.php Mozilla/5.0 (Windows NT 6.3; Win64; x64) AppleWebKit/537.36 (KHTML, like Gecko) Chrome/80.0.3987.163 Safari/537.36 
[15/04/2020 01:31:56]: ::1 /carrental/admin/post-avehical.php Mozilla/5.0 (Windows NT 6.3; Win64; x64) AppleWebKit/537.36 (KHTML, like Gecko) Chrome/80.0.3987.163 Safari/537.36 
[15/04/2020 01:33:18]: ::1 /carrental/admin/manage-vehicles.php Mozilla/5.0 (Windows NT 6.3; Win64; x64) AppleWebKit/537.36 (KHTML, like Gecko) Chrome/80.0.3987.163 Safari/537.36 
[15/04/2020 01:33:22]: ::1 /carrental/admin/edit-vehicle.php Mozilla/5.0 (Windows NT 6.3; Win64; x64) AppleWebKit/537.36 (KHTML, like Gecko) Chrome/80.0.3987.163 Safari/537.36 
[15/04/2020 01:34:30]: ::1 /carrental/admin/manage-bookings.php Mozilla/5.0 (Windows NT 6.3; Win64; x64) AppleWebKit/537.36 (KHTML, like Gecko) Chrome/80.0.3987.163 Safari/537.36 
[15/04/2020 01:34:33]: ::1 /carrental/admin/testimonials.php Mozilla/5.0 (Windows NT 6.3; Win64; x64) AppleWebKit/537.36 (KHTML, like Gecko) Chrome/80.0.3987.163 Safari/537.36 
[15/04/2020 01:34:36]: ::1 /carrental/admin/manage-conactusquery.php Mozilla/5.0 (Windows NT 6.3; Win64; x64) AppleWebKit/537.36 (KHTML, like Gecko) Chrome/80.0.3987.163 Safari/537.36 
[15/04/2020 01:34:39]: ::1 /carrental/admin/reg-users.php Mozilla/5.0 (Windows NT 6.3; Win64; x64) AppleWebKit/537.36 (KHTML, like Gecko) Chrome/80.0.3987.163 Safari/537.36 
[15/04/2020 01:34:41]: ::1 /carrental/admin/manage-pages.php Mozilla/5.0 (Windows NT 6.3; Win64; x64) AppleWebKit/537.36 (KHTML, like Gecko) Chrome/80.0.3987.163 Safari/537.36 
[15/04/2020 01:34:50]: ::1 /carrental/admin/update-contactinfo.php Mozilla/5.0 (Windows NT 6.3; Win64; x64) AppleWebKit/537.36 (KHTML, like Gecko) Chrome/80.0.3987.163 Safari/537.36 
[15/04/2020 01:36:42]: ::1 /carrental/admin/manage-subscribers.php Mozilla/5.0 (Windows NT 6.3; Win64; x64) AppleWebKit/537.36 (KHTML, like Gecko) Chrome/80.0.3987.163 Safari/537.36 
[15/04/2020 01:59:01]: ::1 /carrental/admin/changeimage1.php Mozilla/5.0 (Windows NT 6.3; Win64; x64) AppleWebKit/537.36 (KHTML, like Gecko) Chrome/80.0.3987.163 Safari/537.36 
[15/04/2020 02:00:19]: ::1 /carrental/admin/changeimage2.php Mozilla/5.0 (Windows NT 6.3; Win64; x64) AppleWebKit/537.36 (KHTML, like Gecko) Chrome/80.0.3987.163 Safari/537.36 
[15/04/2020 02:00:35]: ::1 /carrental/admin/changeimage3.php Mozilla/5.0 (Windows NT 6.3; Win64; x64) AppleWebKit/537.36 (KHTML, like Gecko) Chrome/80.0.3987.163 Safari/537.36 
[15/04/2020 02:00:48]: ::1 /carrental/admin/changeimage4.php Mozilla/5.0 (Windows NT 6.3; Win64; x64) AppleWebKit/537.36 (KHTML, like Gecko) Chrome/80.0.3987.163 Safari/537.36 
[15/04/2020 02:00:58]: ::1 /carrental/admin/changeimage5.php Mozilla/5.0 (Windows NT 6.3; Win64; x64) AppleWebKit/537.36 (KHTML, like Gecko) Chrome/80.0.3987.163 Safari/537.36 
[15/04/2020 03:23:58]: ::1 /carrental/admin/index.php Mozilla/5.0 (Windows NT 6.3; Win64; x64) AppleWebKit/537.36 (KHTML, like Gecko) Chrome/80.0.3987.163 Safari/537.36 
[15/04/2020 03:47:13]: ::1 /carrental/admin/index.php Mozilla/5.0 (Windows NT 6.3; Win64; x64) AppleWebKit/537.36 (KHTML, like Gecko) Chrome/80.0.3987.163 Safari/537.36 
[15/04/2020 03:47:21]: ::1 /carrental/admin/index.php Mozilla/5.0 (Windows NT 6.3; Win64; x64) AppleWebKit/537.36 (KHTML, like Gecko) Chrome/80.0.3987.163 Safari/537.36 
[15/04/2020 03:47:21]: ::1 /carrental/admin/change-password.php Mozilla/5.0 (Windows NT 6.3; Win64; x64) AppleWebKit/537.36 (KHTML, like Gecko) Chrome/80.0.3987.163 Safari/537.36 
[15/04/2020 03:47:28]: ::1 /carrental/admin/manage-bookings.php Mozilla/5.0 (Windows NT 6.3; Win64; x64) AppleWebKit/537.36 (KHTML, like Gecko) Chrome/80.0.3987.163 Safari/537.36 
[15/04/2020 03:47:29]: ::1 /carrental/admin/testimonials.php Mozilla/5.0 (Windows NT 6.3; Win64; x64) AppleWebKit/537.36 (KHTML, like Gecko) Chrome/80.0.3987.163 Safari/537.36 
[15/04/2020 03:47:30]: ::1 /carrental/admin/manage-conactusquery.php Mozilla/5.0 (Windows NT 6.3; Win64; x64) AppleWebKit/537.36 (KHTML, like Gecko) Chrome/80.0.3987.163 Safari/537.36 
[15/04/2020 03:49:16]: ::1 /carrental/admin/manage-bookings.php Mozilla/5.0 (Windows NT 6.3; Win64; x64) AppleWebKit/537.36 (KHTML, like Gecko) Chrome/80.0.3987.163 Safari/537.36 
[15/04/2020 03:50:43]: ::1 /carrental/admin/testimonials.php Mozilla/5.0 (Windows NT 6.3; Win64; x64) AppleWebKit/537.36 (KHTML, like Gecko) Chrome/80.0.3987.163 Safari/537.36 
[15/04/2020 03:52:46]: ::1 /carrental/admin/manage-conactusquery.php Mozilla/5.0 (Windows NT 6.3; Win64; x64) AppleWebKit/537.36 (KHTML, like Gecko) Chrome/80.0.3987.163 Safari/537.36 
[15/04/2020 03:54:46]: ::1 /carrental/admin/manage-pages.php Mozilla/5.0 (Windows NT 6.3; Win64; x64) AppleWebKit/537.36 (KHTML, like Gecko) Chrome/80.0.3987.163 Safari/537.36 
[15/04/2020 03:55:01]: ::1 /carrental/admin/manage-subscribers.php Mozilla/5.0 (Windows NT 6.3; Win64; x64) AppleWebKit/537.36 (KHTML, like Gecko) Chrome/80.0.3987.163 Safari/537.36 
[15/04/2020 03:56:12]: ::1 /carrental/admin/index.php Mozilla/5.0 (Windows NT 6.3; Win64; x64) AppleWebKit/537.36 (KHTML, like Gecko) Chrome/80.0.3987.163 Safari/537.36 
[16/04/2020 02:57:01]: ::1 /carrental/admin/index.php Mozilla/5.0 (Windows NT 6.3; Win64; x64) AppleWebKit/537.36 (KHTML, like Gecko) Chrome/80.0.3987.163 Safari/537.36 
[16/04/2020 02:57:18]: ::1 /carrental/admin/index.php Mozilla/5.0 (Windows NT 6.3; Win64; x64) AppleWebKit/537.36 (KHTML, like Gecko) Chrome/80.0.3987.163 Safari/537.36 
[16/04/2020 02:57:18]: ::1 /carrental/admin/change-password.php Mozilla/5.0 (Windows NT 6.3; Win64; x64) AppleWebKit/537.36 (KHTML, like Gecko) Chrome/80.0.3987.163 Safari/537.36 
[16/04/2020 02:57:27]: ::1 /carrental/admin/change-password.php Mozilla/5.0 (Windows NT 6.3; Win64; x64) AppleWebKit/537.36 (KHTML, like Gecko) Chrome/80.0.3987.163 Safari/537.36 
[16/04/2020 02:57:28]: ::1 /carrental/admin/change-password.php Mozilla/5.0 (Windows NT 6.3; Win64; x64) AppleWebKit/537.36 (KHTML, like Gecko) Chrome/80.0.3987.163 Safari/537.36 
[16/04/2020 02:57:30]: ::1 /carrental/admin/manage-bookings.php Mozilla/5.0 (Windows NT 6.3; Win64; x64) AppleWebKit/537.36 (KHTML, like Gecko) Chrome/80.0.3987.163 Safari/537.36 
[16/04/2020 02:57:31]: ::1 /carrental/admin/testimonials.php Mozilla/5.0 (Windows NT 6.3; Win64; x64) AppleWebKit/537.36 (KHTML, like Gecko) Chrome/80.0.3987.163 Safari/537.36 
[16/04/2020 02:57:43]: ::1 /carrental/admin/manage-pages.php Mozilla/5.0 (Windows NT 6.3; Win64; x64) AppleWebKit/537.36 (KHTML, like Gecko) Chrome/80.0.3987.163 Safari/537.36 
[16/04/2020 02:57:45]: ::1 /carrental/admin/update-contactinfo.php Mozilla/5.0 (Windows NT 6.3; Win64; x64) AppleWebKit/537.36 (KHTML, like Gecko) Chrome/80.0.3987.163 Safari/537.36 
[16/04/2020 02:57:47]: ::1 /carrental/admin/manage-subscribers.php Mozilla/5.0 (Windows NT 6.3; Win64; x64) AppleWebKit/537.36 (KHTML, like Gecko) Chrome/80.0.3987.163 Safari/537.36 
[16/04/2020 02:58:20]: ::1 /carrental/admin/manage-vehicles.php Mozilla/5.0 (Windows NT 6.3; Win64; x64) AppleWebKit/537.36 (KHTML, like Gecko) Chrome/80.0.3987.163 Safari/537.36 
[16/04/2020 02:58:40]: ::1 /carrental/admin/edit-vehicle.php Mozilla/5.0 (Windows NT 6.3; Win64; x64) AppleWebKit/537.36 (KHTML, like Gecko) Chrome/80.0.3987.163 Safari/537.36 
[16/04/2020 02:59:04]: ::1 /carrental/admin/index.php Mozilla/5.0 (Windows NT 6.3; Win64; x64) AppleWebKit/537.36 (KHTML, like Gecko) Chrome/80.0.3987.163 Safari/537.36 
[20/04/2020 12:32:20]: ::1 /carrental/admin/index.php Mozilla/5.0 (Windows NT 6.3; Win64; x64) AppleWebKit/537.36 (KHTML, like Gecko) Chrome/81.0.4044.113 Safari/537.36 
[20/04/2020 12:32:41]: ::1 /carrental/admin/index.php Mozilla/5.0 (Windows NT 6.3; Win64; x64) AppleWebKit/537.36 (KHTML, like Gecko) Chrome/81.0.4044.113 Safari/537.36 
[20/04/2020 12:32:42]: ::1 /carrental/admin/change-password.php Mozilla/5.0 (Windows NT 6.3; Win64; x64) AppleWebKit/537.36 (KHTML, like Gecko) Chrome/81.0.4044.113 Safari/537.36 
[20/04/2020 12:32:53]: ::1 /carrental/admin/testimonials.php Mozilla/5.0 (Windows NT 6.3; Win64; x64) AppleWebKit/537.36 (KHTML, like Gecko) Chrome/81.0.4044.113 Safari/537.36 
[20/04/2020 12:32:57]: ::1 /carrental/admin/manage-conactusquery.php Mozilla/5.0 (Windows NT 6.3; Win64; x64) AppleWebKit/537.36 (KHTML, like Gecko) Chrome/81.0.4044.113 Safari/537.36 
[20/04/2020 12:34:41]: ::1 /carrental/admin/manage-conactusquery.php Mozilla/5.0 (Windows NT 6.3; Win64; x64) AppleWebKit/537.36 (KHTML, like Gecko) Chrome/81.0.4044.113 Safari/537.36 
[20/04/2020 12:35:30]: ::1 /carrental/admin/update-contactinfo.php Mozilla/5.0 (Windows NT 6.3; Win64; x64) AppleWebKit/537.36 (KHTML, like Gecko) Chrome/81.0.4044.113 Safari/537.36 
[20/04/2020 12:35:36]: ::1 /carrental/admin/reg-users.php Mozilla/5.0 (Windows NT 6.3; Win64; x64) AppleWebKit/537.36 (KHTML, like Gecko) Chrome/81.0.4044.113 Safari/537.36 
[20/04/2020 12:35:45]: ::1 /carrental/admin/create-brand.php Mozilla/5.0 (Windows NT 6.3; Win64; x64) AppleWebKit/537.36 (KHTML, like Gecko) Chrome/81.0.4044.113 Safari/537.36 
[20/04/2020 12:35:48]: ::1 /carrental/admin/manage-bookings.php Mozilla/5.0 (Windows NT 6.3; Win64; x64) AppleWebKit/537.36 (KHTML, like Gecko) Chrome/81.0.4044.113 Safari/537.36 
[20/04/2020 12:35:54]: ::1 /carrental/admin/dashboard.php Mozilla/5.0 (Windows NT 6.3; Win64; x64) AppleWebKit/537.36 (KHTML, like Gecko) Chrome/81.0.4044.113 Safari/537.36 
[20/04/2020 12:36:52]: ::1 /carrental/admin/manage-pages.php Mozilla/5.0 (Windows NT 6.3; Win64; x64) AppleWebKit/537.36 (KHTML, like Gecko) Chrome/81.0.4044.113 Safari/537.36 
[20/04/2020 12:49:15]: ::1 /carrental/admin/post-avehical.php Mozilla/5.0 (Windows NT 6.3; Win64; x64) AppleWebKit/537.36 (KHTML, like Gecko) Chrome/81.0.4044.113 Safari/537.36 
[20/04/2020 12:49:23]: ::1 /carrental/admin/manage-vehicles.php Mozilla/5.0 (Windows NT 6.3; Win64; x64) AppleWebKit/537.36 (KHTML, like Gecko) Chrome/81.0.4044.113 Safari/537.36 
[20/04/2020 12:49:28]: ::1 /carrental/admin/edit-vehicle.php Mozilla/5.0 (Windows NT 6.3; Win64; x64) AppleWebKit/537.36 (KHTML, like Gecko) Chrome/81.0.4044.113 Safari/537.36 
[20/04/2020 12:49:39]: ::1 /carrental/admin/manage-brands.php Mozilla/5.0 (Windows NT 6.3; Win64; x64) AppleWebKit/537.36 (KHTML, like Gecko) Chrome/81.0.4044.113 Safari/537.36 
[20/04/2020 12:49:43]: ::1 /carrental/admin/edit-brand.php Mozilla/5.0 (Windows NT 6.3; Win64; x64) AppleWebKit/537.36 (KHTML, like Gecko) Chrome/81.0.4044.113 Safari/537.36 
[20/04/2020 12:50:18]: ::1 /carrental/admin/testimonials.php Mozilla/5.0 (Windows NT 6.3; Win64; x64) AppleWebKit/537.36 (KHTML, like Gecko) Chrome/81.0.4044.113 Safari/537.36 
[20/04/2020 12:50:27]: ::1 /carrental/admin/reg-users.php Mozilla/5.0 (Windows NT 6.3; Win64; x64) AppleWebKit/537.36 (KHTML, like Gecko) Chrome/81.0.4044.113 Safari/537.36 
[20/04/2020 12:50:36]: ::1 /carrental/admin/post-avehical.php Mozilla/5.0 (Windows NT 6.3; Win64; x64) AppleWebKit/537.36 (KHTML, like Gecko) Chrome/81.0.4044.113 Safari/537.36 
[20/04/2020 01:01:27]: ::1 /carrental/admin/post-avehical.php Mozilla/5.0 (Windows NT 6.3; Win64; x64) AppleWebKit/537.36 (KHTML, like Gecko) Chrome/81.0.4044.113 Safari/537.36 
[20/04/2020 01:02:17]: ::1 /carrental/admin/post-avehical.php Mozilla/5.0 (Windows NT 6.3; Win64; x64) AppleWebKit/537.36 (KHTML, like Gecko) Chrome/81.0.4044.113 Safari/537.36 
[20/04/2020 01:02:25]: ::1 /carrental/admin/post-avehical.php Mozilla/5.0 (Windows NT 6.3; Win64; x64) AppleWebKit/537.36 (KHTML, like Gecko) Chrome/81.0.4044.113 Safari/537.36 
[20/04/2020 01:03:41]: ::1 /carrental/admin/post-avehical.php Mozilla/5.0 (Windows NT 6.3; Win64; x64) AppleWebKit/537.36 (KHTML, like Gecko) Chrome/81.0.4044.113 Safari/537.36 
[20/04/2020 01:04:28]: ::1 /carrental/admin/post-avehical.php Mozilla/5.0 (Windows NT 6.3; Win64; x64) AppleWebKit/537.36 (KHTML, like Gecko) Chrome/81.0.4044.113 Safari/537.36 
